2021-03-16T13:27:43 UNICO TEST: Not Found: /not_exists/
2021-03-16T13:27:43 UNICO TEST: Bad Request: /markets/
2021-03-16T13:27:43 UNICO TEST: Not Found: /markets/B
2021-03-16T13:27:43 UNICO TEST: Not Found: /markets/B
2021-03-16T13:28:41 UNICO TEST: Not Found: /not_exists/
2021-03-16T13:28:42 UNICO TEST: Bad Request: /markets/
2021-03-16T13:28:42 UNICO TEST: Not Found: /markets/B
2021-03-16T13:28:42 UNICO TEST: Not Found: /markets/B
2021-03-16T13:33:51 UNICO TEST: Not Found: /not_exists/
2021-03-16T13:33:51 UNICO TEST: Bad Request: /markets/
2021-03-16T13:33:51 UNICO TEST: Not Found: /markets/B
2021-03-16T13:33:51 UNICO TEST: Not Found: /markets/B
2021-03-16T13:59:08 UNICO TEST: Not Found: /not_exists/
2021-03-16T13:59:08 UNICO TEST: Bad Request: /markets/
2021-03-16T13:59:08 UNICO TEST: Not Found: /markets/B
2021-03-16T13:59:08 UNICO TEST: Not Found: /markets/B
2021-03-16T14:23:50 UNICO TEST: Not Found: /not_exists/
2021-03-16T14:23:50 UNICO TEST: Bad Request: /markets/
2021-03-16T14:23:50 UNICO TEST: Not Found: /markets/B
2021-03-16T14:23:50 UNICO TEST: Not Found: /markets/B
2021-03-16T15:03:01 UNICO TEST: Watching for file changes with StatReloader
2021-03-16T15:03:17 UNICO TEST: "POST /markets/ HTTP/1.1" 201 404
